This is pdfTeX, Version 3.141592653-2.6-1.40.22 (TeX Live 2021) (preloaded format=pdflatex 2021.5.11)  19 JUN 2021 02:25
entering extended mode
 restricted \write18 enabled.
 file:line:error style messages enabled.
 %&-line parsing enabled.
**AI_ML_NOTES.tex
(./AI_ML_NOTES.tex
LaTeX2e <2020-10-01> patch level 4
L3 programming layer <2021-02-18>
(/usr/local/texlive/2021/texmf-dist/tex/latex/base/article.cls
Document Class: article 2020/04/10 v1.4m Standard LaTeX document class
(/usr/local/texlive/2021/texmf-dist/tex/latex/base/size11.clo
File: size11.clo 2020/04/10 v1.4m Standard LaTeX file (size option)
)
\c@part=\count179
\c@section=\count180
\c@subsection=\count181
\c@subsubsection=\count182
\c@paragraph=\count183
\c@subparagraph=\count184
\c@figure=\count185
\c@table=\count186
\abovecaptionskip=\skip47
\belowcaptionskip=\skip48
\bibindent=\dimen138
)
(/usr/local/texlive/2021/texmf-dist/tex/latex/geometry/geometry.sty
Package: geometry 2020/01/02 v5.9 Page Geometry

(/usr/local/texlive/2021/texmf-dist/tex/latex/graphics/keyval.sty
Package: keyval 2014/10/28 v1.15 key=value parser (DPC)
\KV@toks@=\toks15
)
(/usr/local/texlive/2021/texmf-dist/tex/generic/iftex/ifvtex.sty
Package: ifvtex 2019/10/25 v1.7 ifvtex legacy package. Use iftex instead.

(/usr/local/texlive/2021/texmf-dist/tex/generic/iftex/iftex.sty
Package: iftex 2020/03/06 v1.0d TeX engine tests
))
\Gm@cnth=\count187
\Gm@cntv=\count188
\c@Gm@tempcnt=\count189
\Gm@bindingoffset=\dimen139
\Gm@wd@mp=\dimen140
\Gm@odd@mp=\dimen141
\Gm@even@mp=\dimen142
\Gm@layoutwidth=\dimen143
\Gm@layoutheight=\dimen144
\Gm@layouthoffset=\dimen145
\Gm@layoutvoffset=\dimen146
\Gm@dimlist=\toks16
)
(/usr/local/texlive/2021/texmf-dist/tex/latex/graphics/graphicx.sty
Package: graphicx 2020/09/09 v1.2b Enhanced LaTeX Graphics (DPC,SPQR)

(/usr/local/texlive/2021/texmf-dist/tex/latex/graphics/graphics.sty
Package: graphics 2020/08/30 v1.4c Standard LaTeX Graphics (DPC,SPQR)

(/usr/local/texlive/2021/texmf-dist/tex/latex/graphics/trig.sty
Package: trig 2016/01/03 v1.10 sin cos tan (DPC)
)
(/usr/local/texlive/2021/texmf-dist/tex/latex/graphics-cfg/graphics.cfg
File: graphics.cfg 2016/06/04 v1.11 sample graphics configuration
)
Package graphics Info: Driver file: pdftex.def on input line 105.

(/usr/local/texlive/2021/texmf-dist/tex/latex/graphics-def/pdftex.def
File: pdftex.def 2020/10/05 v1.2a Graphics/color driver for pdftex
))
\Gin@req@height=\dimen147
\Gin@req@width=\dimen148
)
(/usr/local/texlive/2021/texmf-dist/tex/latex/amsfonts/amssymb.sty
Package: amssymb 2013/01/14 v3.01 AMS font symbols

(/usr/local/texlive/2021/texmf-dist/tex/latex/amsfonts/amsfonts.sty
Package: amsfonts 2013/01/14 v3.01 Basic AMSFonts support
\@emptytoks=\toks17
\symAMSa=\mathgroup4
\symAMSb=\mathgroup5
LaTeX Font Info:    Redeclaring math symbol \hbar on input line 98.
LaTeX Font Info:    Overwriting math alphabet `\mathfrak' in version `bold'
(Font)                  U/euf/m/n --> U/euf/b/n on input line 106.
))
(/usr/local/texlive/2021/texmf-dist/tex/latex/l3backend/l3backend-pdftex.def
File: l3backend-pdftex.def 2021-03-18 L3 backend support: PDF output (pdfTeX)
\l__color_backend_stack_int=\count190
\l__pdf_internal_box=\box47
)
(./AI_ML_NOTES.aux)
\openout1 = `AI_ML_NOTES.aux'.

LaTeX Font Info:    Checking defaults for OML/cmm/m/it on input line 19.
LaTeX Font Info:    ... okay on input line 19.
LaTeX Font Info:    Checking defaults for OMS/cmsy/m/n on input line 19.
LaTeX Font Info:    ... okay on input line 19.
LaTeX Font Info:    Checking defaults for OT1/cmr/m/n on input line 19.
LaTeX Font Info:    ... okay on input line 19.
LaTeX Font Info:    Checking defaults for T1/cmr/m/n on input line 19.
LaTeX Font Info:    ... okay on input line 19.
LaTeX Font Info:    Checking defaults for TS1/cmr/m/n on input line 19.
LaTeX Font Info:    ... okay on input line 19.
LaTeX Font Info:    Checking defaults for OMX/cmex/m/n on input line 19.
LaTeX Font Info:    ... okay on input line 19.
LaTeX Font Info:    Checking defaults for U/cmr/m/n on input line 19.
LaTeX Font Info:    ... okay on input line 19.

*geometry* driver: auto-detecting
*geometry* detected driver: pdftex
*geometry* verbose mode - [ preamble ] result:
* driver: pdftex
* paper: letterpaper
* layout: <same size as paper>
* layoutoffset:(h,v)=(0.0pt,0.0pt)
* modes: 
* h-part:(L,W,R)=(92.14519pt, 430.00462pt, 92.14519pt)
* v-part:(T,H,B)=(95.39737pt, 556.47656pt, 143.09605pt)
* \paperwidth=614.295pt
* \paperheight=794.96999pt
* \textwidth=430.00462pt
* \textheight=556.47656pt
* \oddsidemargin=19.8752pt
* \evensidemargin=19.8752pt
* \topmargin=-13.87262pt
* \headheight=12.0pt
* \headsep=25.0pt
* \topskip=11.0pt
* \footskip=30.0pt
* \marginparwidth=59.0pt
* \marginparsep=10.0pt
* \columnsep=10.0pt
* \skip\footins=10.0pt plus 4.0pt minus 2.0pt
* \hoffset=0.0pt
* \voffset=0.0pt
* \mag=1000
* \@twocolumnfalse
* \@twosidefalse
* \@mparswitchfalse
* \@reversemarginfalse
* (1in=72.27pt=25.4mm, 1cm=28.453pt)

(/usr/local/texlive/2021/texmf-dist/tex/context/base/mkii/supp-pdf.mkii
[Loading MPS to PDF converter (version 2006.09.02).]
\scratchcounter=\count191
\scratchdimen=\dimen149
\scratchbox=\box48
\nofMPsegments=\count192
\nofMParguments=\count193
\everyMPshowfont=\toks18
\MPscratchCnt=\count194
\MPscratchDim=\dimen150
\MPnumerator=\count195
\makeMPintoPDFobject=\count196
\everyMPtoPDFconversion=\toks19
) (/usr/local/texlive/2021/texmf-dist/tex/latex/epstopdf-pkg/epstopdf-base.sty
Package: epstopdf-base 2020-01-24 v2.11 Base part for package epstopdf
Package epstopdf-base Info: Redefining graphics rule for `.eps' on input line 4
85.

(/usr/local/texlive/2021/texmf-dist/tex/latex/latexconfig/epstopdf-sys.cfg
File: epstopdf-sys.cfg 2010/07/13 v1.3 Configuration of (r)epstopdf for TeX Liv
e
))
LaTeX Font Info:    Trying to load font information for U+msa on input line 20.


(/usr/local/texlive/2021/texmf-dist/tex/latex/amsfonts/umsa.fd
File: umsa.fd 2013/01/14 v3.01 AMS symbols A
)
LaTeX Font Info:    Trying to load font information for U+msb on input line 20.


(/usr/local/texlive/2021/texmf-dist/tex/latex/amsfonts/umsb.fd
File: umsb.fd 2013/01/14 v3.01 AMS symbols B
) [1

{/usr/local/texlive/2021/texmf-var/fonts/map/pdftex/updmap/pdftex.map}] (./AI_M
L_NOTES.toc)
\tf@toc=\write3
\openout3 = `AI_ML_NOTES.toc'.


[2]
Underfull \hbox (badness 10000) in paragraph at lines 36--41

 []


Underfull \hbox (badness 10000) in paragraph at lines 43--45

 []

[3] [4]
Underfull \hbox (badness 10000) in paragraph at lines 86--94

 []

[5] [6]
Underfull \hbox (badness 10000) in paragraph at lines 113--117

 []

[7] [8]
</Users/ananyarao/Desktop/AI_ML/ai_ml_pictures//binary.png, id=34, 376.40625pt 
x 313.17pt>
File: /Users/ananyarao/Desktop/AI_ML/ai_ml_pictures//binary.png Graphic file (t
ype png)
<use /Users/ananyarao/Desktop/AI_ML/ai_ml_pictures//binary.png>
Package pdftex.def Info: /Users/ananyarao/Desktop/AI_ML/ai_ml_pictures//binary.
png  used on input line 158.
(pdftex.def)             Requested size: 376.40532pt x 313.16922pt.

Underfull \hbox (badness 10000) in paragraph at lines 156--160

 []

</Users/ananyarao/Desktop/AI_ML/ai_ml_pictures//decision_tree.png, id=36, 648.4
225pt x 360.34625pt>
File: /Users/ananyarao/Desktop/AI_ML/ai_ml_pictures//decision_tree.png Graphic 
file (type png)
<use /Users/ananyarao/Desktop/AI_ML/ai_ml_pictures//decision_tree.png>
Package pdftex.def Info: /Users/ananyarao/Desktop/AI_ML/ai_ml_pictures//decisio
n_tree.png  used on input line 163.
(pdftex.def)             Requested size: 389.0565pt x 216.20941pt.

Underfull \hbox (badness 10000) in paragraph at lines 161--165

 []

[9 </Users/ananyarao/Desktop/AI_ML/ai_ml_pictures//binary.png>] [10 </Users/ana
nyarao/Desktop/AI_ML/ai_ml_pictures//decision_tree.png>]
</Users/ananyarao/Desktop/AI_ML/ai_ml_pictures//k-NN.png, id=45, 648.4225pt x 3
60.34625pt>
File: /Users/ananyarao/Desktop/AI_ML/ai_ml_pictures//k-NN.png Graphic file (typ
e png)
<use /Users/ananyarao/Desktop/AI_ML/ai_ml_pictures//k-NN.png>
Package pdftex.def Info: /Users/ananyarao/Desktop/AI_ML/ai_ml_pictures//k-NN.pn
g  used on input line 184.
(pdftex.def)             Requested size: 389.0565pt x 216.20941pt.

Underfull \hbox (badness 10000) in paragraph at lines 182--186

 []

[11 </Users/ananyarao/Desktop/AI_ML/ai_ml_pictures//k-NN.png>]
</Users/ananyarao/Desktop/AI_ML/ai_ml_pictures//bayesian.png, id=50, 517.935pt 
x 240.9pt>
File: /Users/ananyarao/Desktop/AI_ML/ai_ml_pictures//bayesian.png Graphic file 
(type png)
<use /Users/ananyarao/Desktop/AI_ML/ai_ml_pictures//bayesian.png>
Package pdftex.def Info: /Users/ananyarao/Desktop/AI_ML/ai_ml_pictures//bayesia
n.png  used on input line 209.
(pdftex.def)             Requested size: 310.76338pt x 144.5411pt.

Underfull \hbox (badness 10000) in paragraph at lines 207--211

 []

[12 </Users/ananyarao/Desktop/AI_ML/ai_ml_pictures//bayesian.png>]
</Users/ananyarao/Desktop/AI_ML/ai_ml_pictures//naivE.png, id=55, 642.4pt x 234
.8775pt>
File: /Users/ananyarao/Desktop/AI_ML/ai_ml_pictures//naivE.png Graphic file (ty
pe png)
<use /Users/ananyarao/Desktop/AI_ML/ai_ml_pictures//naivE.png>
Package pdftex.def Info: /Users/ananyarao/Desktop/AI_ML/ai_ml_pictures//naivE.p
ng  used on input line 215.
(pdftex.def)             Requested size: 385.44298pt x 140.92758pt.

Underfull \hbox (badness 10000) in paragraph at lines 213--217

 []

</Users/ananyarao/Desktop/AI_ML/ai_ml_pictures//bias.png, id=56, 510.90875pt x 
341.275pt>
File: /Users/ananyarao/Desktop/AI_ML/ai_ml_pictures//bias.png Graphic file (typ
e png)
<use /Users/ananyarao/Desktop/AI_ML/ai_ml_pictures//bias.png>
Package pdftex.def Info: /Users/ananyarao/Desktop/AI_ML/ai_ml_pictures//bias.pn
g  used on input line 228.
(pdftex.def)             Requested size: 306.5476pt x 204.76657pt.

Underfull \hbox (badness 10000) in paragraph at lines 226--230

 []

[13 </Users/ananyarao/Desktop/AI_ML/ai_ml_pictures//naivE.png>] [14 </Users/ana
nyarao/Desktop/AI_ML/ai_ml_pictures//bias.png>] [15] (./AI_ML_NOTES.aux) ) 
Here is how much of TeX's memory you used:
 2275 strings out of 478994
 33301 string characters out of 5858184
 325324 words of memory out of 5000000
 19762 multiletter control sequences out of 15000+600000
 411483 words of font info for 57 fonts, out of 8000000 for 9000
 1141 hyphenation exceptions out of 8191
 68i,6n,74p,304b,215s stack positions out of 5000i,500n,10000p,200000b,80000s
{/usr
/local/texlive/2021/texmf-dist/fonts/enc/dvips/cm-super/cm-super-ts1.enc}</usr/
local/texlive/2021/texmf-dist/fonts/type1/public/amsfonts/cm/cmbx10.pfb></usr/l
ocal/texlive/2021/texmf-dist/fonts/type1/public/amsfonts/cm/cmbx12.pfb></usr/lo
cal/texlive/2021/texmf-dist/fonts/type1/public/amsfonts/cm/cmr10.pfb></usr/loca
l/texlive/2021/texmf-dist/fonts/type1/public/amsfonts/cm/cmr12.pfb></usr/local/
texlive/2021/texmf-dist/fonts/type1/public/amsfonts/cm/cmr17.pfb></usr/local/te
xlive/2021/texmf-dist/fonts/type1/public/cm-super/sfrm1095.pfb>
Output written on AI_ML_NOTES.pdf (15 pages, 2189426 bytes).
PDF statistics:
 91 PDF objects out of 1000 (max. 8388607)
 55 compressed objects within 1 object stream
 0 named destinations out of 1000 (max. 500000)
 31 words of extra memory for PDF output out of 10000 (max. 10000000)

